2019-10-26 18:43:26.082  INFO 6668 --- [restartedMain] owdaqapp.Application                     : Starting Application on DESKTOP-066K0D9 with PID 6668 (D:\ow-daq-app\target\classes started by US4264 in D:\ow-daq-app)
2019-10-26 18:43:26.262  INFO 6668 --- [restartedMain] owdaqapp.Application                     : No active profile set, falling back to default profiles: default
2019-10-26 18:43:26.682  INFO 6668 --- [restartedMain] .e.DevToolsPropertyDefaultsPostProcessor : Devtools property defaults active! Set 'spring.devtools.add-properties' to 'false' to disable
2019-10-26 18:43:26.682  INFO 6668 --- [restartedMain] .e.DevToolsPropertyDefaultsPostProcessor : For additional web related logging consider setting the 'logging.level.web' property to 'DEBUG'
2019-10-26 18:43:33.294  INFO 6668 --- [restartedMain] .s.d.r.c.RepositoryConfigurationDelegate : Bootstrapping Spring Data repositories in DEFAULT mode.
2019-10-26 18:43:33.755  INFO 6668 --- [restartedMain] .s.d.r.c.RepositoryConfigurationDelegate : Finished Spring Data repository scanning in 413ms. Found 5 repository interfaces.
2019-10-26 18:43:35.043  INFO 6668 --- [restartedMain] trationDelegate$BeanPostProcessorChecker : Bean 'org.springframework.transaction.annotation.ProxyTransactionManagementConfiguration' of type [org.springframework.transaction.annotation.ProxyTransactionManagementConfiguration$$EnhancerBySpringCGLIB$$aa68a70d] is not eligible for getting processed by all BeanPostProcessors (for example: not eligible for auto-proxying)
2019-10-26 18:43:36.909  INFO 6668 --- [restartedMain] o.s.b.w.embedded.tomcat.TomcatWebServer  : Tomcat initialized with port(s): 8081 (http)
2019-10-26 18:43:37.133  INFO 6668 --- [restartedMain] o.apache.catalina.core.StandardService   : Starting service [Tomcat]
2019-10-26 18:43:37.133  INFO 6668 --- [restartedMain] org.apache.catalina.core.StandardEngine  : Starting Servlet engine: [Apache Tomcat/9.0.21]
2019-10-26 18:43:37.866  INFO 6668 --- [restartedMain] o.a.c.c.C.[Tomcat].[localhost].[/]       : Initializing Spring embedded WebApplicationContext
2019-10-26 18:43:37.866  INFO 6668 --- [restartedMain] o.s.web.context.ContextLoader            : Root WebApplicationContext: initialization completed in 11184 ms
2019-10-26 18:43:38.954  INFO 6668 --- [restartedMain] com.zaxxer.hikari.HikariDataSource       : HikariPool-1 - Starting...
2019-10-26 18:43:41.794  INFO 6668 --- [restartedMain] com.zaxxer.hikari.HikariDataSource       : HikariPool-1 - Start completed.
2019-10-26 18:43:42.226  INFO 6668 --- [restartedMain] o.hibernate.jpa.internal.util.LogHelper  : HHH000204: Processing PersistenceUnitInfo [
	name: default
	...]
2019-10-26 18:43:42.615  INFO 6668 --- [restartedMain] org.hibernate.Version                    : HHH000412: Hibernate Core {5.3.10.Final}
2019-10-26 18:43:42.619  INFO 6668 --- [restartedMain] org.hibernate.cfg.Environment            : HHH000206: hibernate.properties not found
2019-10-26 18:43:43.283  INFO 6668 --- [restartedMain] o.hibernate.annotations.common.Version   : HCANN000001: Hibernate Commons Annotations {5.0.4.Final}
2019-10-26 18:43:44.139  INFO 6668 --- [restartedMain] org.hibernate.dialect.Dialect            : HHH000400: Using dialect: org.hibernate.dialect.Oracle12cDialect
2019-10-26 18:43:44.878  INFO 6668 --- [restartedMain] org.hibernate.type.BasicTypeRegistry     : HHH000270: Type registration [byte[]] overrides previous : org.hibernate.type.BinaryType@5422a777
2019-10-26 18:43:44.878  INFO 6668 --- [restartedMain] org.hibernate.type.BasicTypeRegistry     : HHH000270: Type registration [[B] overrides previous : org.hibernate.type.BinaryType@5422a777
2019-10-26 18:43:44.882  INFO 6668 --- [restartedMain] org.hibernate.type.BasicTypeRegistry     : HHH000270: Type registration [Byte[]] overrides previous : org.hibernate.type.WrapperBinaryType@197db5fe
2019-10-26 18:43:44.882  INFO 6668 --- [restartedMain] org.hibernate.type.BasicTypeRegistry     : HHH000270: Type registration [[Ljava.lang.Byte;] overrides previous : org.hibernate.type.WrapperBinaryType@197db5fe
2019-10-26 18:43:46.626  INFO 6668 --- [restartedMain] j.LocalContainerEntityManagerFactoryBean : Initialized JPA EntityManagerFactory for persistence unit 'default'
2019-10-26 18:43:47.652  INFO 6668 --- [restartedMain] o.h.h.i.QueryTranslatorFactoryInitiator  : HHH000397: Using ASTQueryTranslatorFactory
2019-10-26 18:43:48.831  INFO 6668 --- [restartedMain] o.s.s.concurrent.ThreadPoolTaskExecutor  : Initializing ExecutorService 'applicationTaskExecutor'
2019-10-26 18:43:48.984  WARN 6668 --- [restartedMain] aWebConfiguration$JpaWebMvcConfiguration : spring.jpa.open-in-view is enabled by default. Therefore, database queries may be performed during view rendering. Explicitly configure spring.jpa.open-in-view to disable this warning
2019-10-26 18:43:49.259  INFO 6668 --- [restartedMain] o.s.b.a.w.s.WelcomePageHandlerMapping    : Adding welcome page: class path resource [static/index.html]
2019-10-26 18:43:49.438  INFO 6668 --- [restartedMain] o.s.s.c.ThreadPoolTaskScheduler          : Initializing ExecutorService 'taskScheduler'
2019-10-26 18:43:49.524  INFO 6668 --- [restartedMain] o.s.b.d.a.OptionalLiveReloadServer       : LiveReload server is running on port 35729
2019-10-26 18:43:49.683  INFO 6668 --- [restartedMain] o.s.b.w.embedded.tomcat.TomcatWebServer  : Tomcat started on port(s): 8081 (http) with context path ''
2019-10-26 18:43:49.699  INFO 6668 --- [restartedMain] owdaqapp.Application                     : Started Application in 27.489 seconds (JVM running for 31.976)
2019-10-26 18:43:50.150  INFO 6668 --- [scheduling-1] owdaqapp.OwScheduler                     : before measurement
2019-10-26 18:43:50.912  INFO 6668 --- [scheduling-1] owdaqapp.OwScheduler                     : after measurement
2019-10-26 18:44:00.004  INFO 6668 --- [scheduling-1] owdaqapp.OwScheduler                     : before measurement
2019-10-26 18:44:00.044  INFO 6668 --- [scheduling-1] owdaqapp.OwScheduler                     : after measurement
2019-10-26 18:44:07.498  INFO 6668 --- [http-nio-8081-exec-1] o.a.c.c.C.[Tomcat].[localhost].[/]       : Initializing Spring DispatcherServlet 'dispatcherServlet'
2019-10-26 18:44:07.498  INFO 6668 --- [http-nio-8081-exec-1] o.s.web.servlet.DispatcherServlet        : Initializing Servlet 'dispatcherServlet'
2019-10-26 18:44:07.518  INFO 6668 --- [http-nio-8081-exec-1] o.s.web.servlet.DispatcherServlet        : Completed initialization in 20 ms
2019-10-26 18:45:00.006  INFO 6668 --- [scheduling-1] owdaqapp.OwScheduler                     : before measurement
2019-10-26 18:45:00.042  INFO 6668 --- [scheduling-1] owdaqapp.OwScheduler                     : after measurement
2019-10-26 18:46:00.003  INFO 6668 --- [scheduling-1] owdaqapp.OwScheduler                     : before measurement
2019-10-26 18:46:00.043  INFO 6668 --- [scheduling-1] owdaqapp.OwScheduler                     : after measurement
2019-10-26 18:47:00.005  INFO 6668 --- [scheduling-1] owdaqapp.OwScheduler                     : before measurement
2019-10-26 18:47:00.077  INFO 6668 --- [scheduling-1] owdaqapp.OwScheduler                     : after measurement
2019-10-26 18:48:00.004  INFO 6668 --- [scheduling-1] owdaqapp.OwScheduler                     : before measurement
2019-10-26 18:48:00.040  INFO 6668 --- [scheduling-1] owdaqapp.OwScheduler                     : after measurement
2019-10-26 18:49:00.006  INFO 6668 --- [scheduling-1] owdaqapp.OwScheduler                     : before measurement
2019-10-26 18:49:00.042  INFO 6668 --- [scheduling-1] owdaqapp.OwScheduler                     : after measurement
2019-10-26 18:50:00.008  INFO 6668 --- [scheduling-1] owdaqapp.OwScheduler                     : before measurement
2019-10-26 18:50:00.044  INFO 6668 --- [scheduling-1] owdaqapp.OwScheduler                     : after measurement
2019-10-26 18:51:00.006  INFO 6668 --- [scheduling-1] owdaqapp.OwScheduler                     : before measurement
2019-10-26 18:51:00.044  INFO 6668 --- [scheduling-1] owdaqapp.OwScheduler                     : after measurement
2019-10-26 18:52:00.002  INFO 6668 --- [scheduling-1] owdaqapp.OwScheduler                     : before measurement
2019-10-26 18:52:00.066  INFO 6668 --- [scheduling-1] owdaqapp.OwScheduler                     : after measurement
2019-10-26 18:53:00.003  INFO 6668 --- [scheduling-1] owdaqapp.OwScheduler                     : before measurement
2019-10-26 18:53:00.041  INFO 6668 --- [scheduling-1] owdaqapp.OwScheduler                     : after measurement
2019-10-26 18:54:00.006  INFO 6668 --- [scheduling-1] owdaqapp.OwScheduler                     : before measurement
2019-10-26 18:54:00.042  INFO 6668 --- [scheduling-1] owdaqapp.OwScheduler                     : after measurement
2019-10-26 18:55:00.003  INFO 6668 --- [scheduling-1] owdaqapp.OwScheduler                     : before measurement
2019-10-26 18:55:00.042  INFO 6668 --- [scheduling-1] owdaqapp.OwScheduler                     : after measurement
2019-10-26 18:56:00.001  INFO 6668 --- [scheduling-1] owdaqapp.OwScheduler                     : before measurement
2019-10-26 18:56:00.033  INFO 6668 --- [scheduling-1] owdaqapp.OwScheduler                     : after measurement
2019-10-26 18:57:00.001  INFO 6668 --- [scheduling-1] owdaqapp.OwScheduler                     : before measurement
2019-10-26 18:57:00.040  INFO 6668 --- [scheduling-1] owdaqapp.OwScheduler                     : after measurement
2019-10-26 18:58:00.002  INFO 6668 --- [scheduling-1] owdaqapp.OwScheduler                     : before measurement
2019-10-26 18:58:00.058  INFO 6668 --- [scheduling-1] owdaqapp.OwScheduler                     : after measurement
2019-10-26 18:59:00.005  INFO 6668 --- [scheduling-1] owdaqapp.OwScheduler                     : before measurement
2019-10-26 18:59:00.021  INFO 6668 --- [scheduling-1] owdaqapp.OwScheduler                     : after measurement
2019-10-26 19:00:00.006  INFO 6668 --- [scheduling-1] owdaqapp.OwScheduler                     : before measurement
2019-10-26 19:00:00.037  INFO 6668 --- [scheduling-1] owdaqapp.OwScheduler                     : after measurement
2019-10-26 19:01:00.004  INFO 6668 --- [scheduling-1] owdaqapp.OwScheduler                     : before measurement
2019-10-26 19:01:00.047  INFO 6668 --- [scheduling-1] owdaqapp.OwScheduler                     : after measurement
2019-10-26 19:02:00.002  INFO 6668 --- [scheduling-1] owdaqapp.OwScheduler                     : before measurement
2019-10-26 19:02:00.028  INFO 6668 --- [scheduling-1] owdaqapp.OwScheduler                     : after measurement
2019-10-26 19:03:00.001  INFO 6668 --- [scheduling-1] owdaqapp.OwScheduler                     : before measurement
2019-10-26 19:03:00.023  INFO 6668 --- [scheduling-1] owdaqapp.OwScheduler                     : after measurement
2019-10-26 19:04:00.003  INFO 6668 --- [scheduling-1] owdaqapp.OwScheduler                     : before measurement
2019-10-26 19:04:00.020  INFO 6668 --- [scheduling-1] owdaqapp.OwScheduler                     : after measurement
2019-10-26 19:05:00.001  INFO 6668 --- [scheduling-1] owdaqapp.OwScheduler                     : before measurement
2019-10-26 19:05:00.038  INFO 6668 --- [scheduling-1] owdaqapp.OwScheduler                     : after measurement
2019-10-26 19:06:00.002  INFO 6668 --- [scheduling-1] owdaqapp.OwScheduler                     : before measurement
2019-10-26 19:06:00.017  INFO 6668 --- [scheduling-1] owdaqapp.OwScheduler                     : after measurement
2019-10-26 19:07:00.002  INFO 6668 --- [scheduling-1] owdaqapp.OwScheduler                     : before measurement
2019-10-26 19:07:00.018  INFO 6668 --- [scheduling-1] owdaqapp.OwScheduler                     : after measurement
2019-10-26 19:08:00.001  INFO 6668 --- [scheduling-1] owdaqapp.OwScheduler                     : before measurement
2019-10-26 19:08:00.016  INFO 6668 --- [scheduling-1] owdaqapp.OwScheduler                     : after measurement
2019-10-26 19:09:00.001  INFO 6668 --- [scheduling-1] owdaqapp.OwScheduler                     : before measurement
2019-10-26 19:09:00.017  INFO 6668 --- [scheduling-1] owdaqapp.OwScheduler                     : after measurement
2019-10-26 19:10:00.002  INFO 6668 --- [scheduling-1] owdaqapp.OwScheduler                     : before measurement
2019-10-26 19:10:00.148  INFO 6668 --- [scheduling-1] owdaqapp.OwScheduler                     : after measurement
